<?xml version="1.0" encoding="UTF-8"?>
<testsuite xmlns:xsi="http://www.w3.org/2001/XMLSchema-instance" xsi:noNamespaceSchemaLocation="https://maven.apache.org/surefire/maven-surefire-plugin/xsd/surefire-test-report-3.0.xsd" version="3.0" name="com.railsware.mailtrap.mail.MailTest" time="0.013" tests="5" errors="0" skipped="0" failures="0">
  <properties>
[...]
</properties>
  <testcase name="shouldThrowExceptionFromNull" classname="com.railsware.mailtrap.mail.MailTest" time="0.002"/>
  <testcase name="shouldThrowExceptionToNull" classname="com.railsware.mailtrap.mail.MailTest" time="0.001"/>
  <testcase name="emailEmptyTest" classname="com.railsware.mailtrap.mail.MailTest" time="0"/>
  <testcase name="shouldThrowExceptionSubjectNull" classname="com.railsware.mailtrap.mail.MailTest" time="0.002"/>
  <testcase name="emailTest" classname="com.railsware.mailtrap.mail.MailTest" time="0.001"/>
</testsuite>